<?xml version="1.0" encoding="UTF-8"?>
<!-- Generated by org.testng.reporters.JUnitReportReporter -->
<testsuite skipped="0" hostname="DESKTOP-02QTJU3" name="com.freeautomationlearning.Tutorial2" tests="1" failures="0" timestamp="21 Jun 2017 18:06:31 GMT" time="0.014" errors="0">
  <testcase name="firstTestNGRun" time="0.014" classname="com.freeautomationlearning.Tutorial2"/>
</testsuite> <!-- com.freeautomationlearning.Tutorial2 -->
